app/build/intermediates/manifest_merge_blame_file/debug/manifest-merger-blame-debug-report.txt
1<?xml version="1.0" encoding="utf-8"?>
2<manifest xmlns:android="http://schemas.android.com/apk/res/android"
3    package="com.example.danp"
4    android:versionCode="1"
5    android:versionName="1.0" >
6
7    <uses-sdk
8        android:minSdkVersion="23"
8-->src\main\AndroidManifest.xml
9        android:targetSdkVersion="31" />
9-->src\main\AndroidManifest.xml
10
11    <uses-permission android:name="android.permission.ACCESS_COARSE_LOCATION" />
11-->src\main\AndroidManifest.xml:4:5-81
11-->src\main\AndroidManifest.xml:4:22-78
12    <uses-permission android:name="android.permission.ACCESS_FINE_LOCATION" />
12-->src\main\AndroidManifest.xml:5:5-79
12-->src\main\AndroidManifest.xml:5:22-76
13
14    <!-- Include required permissions for Google Maps API to run. -->
15    <uses-permission android:name="android.permission.ACCESS_NETWORK_STATE" />
15-->[com.google.android.gms:play-services-maps:17.0.1] AndroidManifest.xml:23:5-79
15-->[com.google.android.gms:play-services-maps:17.0.1] AndroidManifest.xml:23:22-76
16    <uses-permission android:name="android.permission.INTERNET" />
16-->[com.google.android.gms:play-services-maps:17.0.1] AndroidManifest.xml:24:5-67
16-->[com.google.android.gms:play-services-maps:17.0.1] AndroidManifest.xml:24:22-64
17
18    <uses-feature
18-->[com.google.android.gms:play-services-maps:17.0.1] AndroidManifest.xml:26:5-28:35
19        android:glEsVersion="0x00020000"
19-->[com.google.android.gms:play-services-maps:17.0.1] AndroidManifest.xml:27:9-41
20        android:required="true" />
20-->[com.google.android.gms:play-services-maps:17.0.1] AndroidManifest.xml:28:9-32
21
22    <queries>
22-->[com.google.android.gms:play-services-maps:17.0.1] AndroidManifest.xml:30:5-34:15
23
24        <!-- Needs to be explicitly declared on Android R+ -->
25        <package android:name="com.google.android.apps.maps" />
25-->[com.google.android.gms:play-services-maps:17.0.1] AndroidManifest.xml:33:9-64
25-->[com.google.android.gms:play-services-maps:17.0.1] AndroidManifest.xml:33:18-61
26    </queries>
27
28    <application
28-->src\main\AndroidManifest.xml:6:5-47:19
29        android:allowBackup="true"
29-->src\main\AndroidManifest.xml:7:9-35
30        android:appComponentFactory="androidx.core.app.CoreComponentFactory"
30-->[androidx.core:core:1.7.0] AndroidManifest.xml:24:18-86
31        android:debuggable="true"
32        android:extractNativeLibs="false"
33        android:icon="@mipmap/ic_launcher"
33-->src\main\AndroidManifest.xml:8:9-43
34        android:label="@string/app_name"
34-->src\main\AndroidManifest.xml:9:9-41
35        android:roundIcon="@mipmap/ic_launcher_round"
35-->src\main\AndroidManifest.xml:10:9-54
36        android:supportsRtl="true"
36-->src\main\AndroidManifest.xml:11:9-35
37        android:testOnly="true"
38        android:theme="@style/Theme.DANP" >
38-->src\main\AndroidManifest.xml:12:9-42
39
40        <!--
41             TODO: Before you run your application, you need a Google Maps API key.
42
43             To get one, follow the directions here:
44
45                https://developers.google.com/maps/documentation/android-sdk/get-api-key
46
47             Once you have your API key (it starts with "AIza"), define a new property in your
48             project's local.properties file (e.g. MAPS_API_KEY=Aiza...), and replace the
49             "YOUR_API_KEY" string in this file with "${MAPS_API_KEY}".
50        -->
51        <meta-data
51-->src\main\AndroidManifest.xml:25:9-27:71
52            android:name="com.google.android.geo.API_KEY"
52-->src\main\AndroidManifest.xml:26:13-58
53            android:value="AIzaSyB69X_LW-6mR1ZU1EEBLIWAal9HsnbkDIQ" />
53-->src\main\AndroidManifest.xml:27:13-68
54
55        <activity
55-->src\main\AndroidManifest.xml:29:9-32:59
56            android:name="com.example.danp.MapsActivity"
56-->src\main\AndroidManifest.xml:30:13-41
57            android:exported="false"
57-->src\main\AndroidManifest.xml:31:13-37
58            android:label="@string/title_activity_maps" />
58-->src\main\AndroidManifest.xml:32:13-56
59        <activity
59-->src\main\AndroidManifest.xml:33:9-35:40
60            android:name="com.example.danp.BusesActivity"
60-->src\main\AndroidManifest.xml:34:13-42
61            android:exported="false" />
61-->src\main\AndroidManifest.xml:35:13-37
62        <activity
62-->src\main\AndroidManifest.xml:36:9-46:20
63            android:name="com.example.danp.MainActivity"
63-->src\main\AndroidManifest.xml:37:13-41
64            android:exported="true"
64-->src\main\AndroidManifest.xml:38:13-36
65            android:label="@string/app_name"
65-->src\main\AndroidManifest.xml:39:13-45
66            android:theme="@style/Theme.DANP" >
66-->src\main\AndroidManifest.xml:40:13-46
67            <intent-filter>
67-->src\main\AndroidManifest.xml:41:13-45:29
68                <action android:name="android.intent.action.MAIN" />
68-->src\main\AndroidManifest.xml:42:17-69
68-->src\main\AndroidManifest.xml:42:25-66
69
70                <category android:name="android.intent.category.LAUNCHER" />
70-->src\main\AndroidManifest.xml:44:17-77
70-->src\main\AndroidManifest.xml:44:27-74
71            </intent-filter>
72        </activity>
73        <activity
73-->[androidx.compose.ui:ui-tooling:1.0.1] AndroidManifest.xml:25:9-27:39
74            android:name="androidx.compose.ui.tooling.PreviewActivity"
74-->[androidx.compose.ui:ui-tooling:1.0.1] AndroidManifest.xml:26:13-71
75            android:exported="true" /> <!-- Needs to be explicitly declared on P+ -->
75-->[androidx.compose.ui:ui-tooling:1.0.1] AndroidManifest.xml:27:13-36
76        <uses-library
76-->[com.google.android.gms:play-services-maps:17.0.1] AndroidManifest.xml:39:9-41:40
77            android:name="org.apache.http.legacy"
77-->[com.google.android.gms:play-services-maps:17.0.1] AndroidManifest.xml:40:13-50
78            android:required="false" />
78-->[com.google.android.gms:play-services-maps:17.0.1] AndroidManifest.xml:41:13-37
79
80        <service
80-->[com.google.firebase:firebase-database-ktx:20.0.4] AndroidManifest.xml:12:9-18:19
81            android:name="com.google.firebase.components.ComponentDiscoveryService"
81-->[com.google.firebase:firebase-database-ktx:20.0.4] AndroidManifest.xml:13:13-84
82            android:directBootAware="true"
82-->[com.google.firebase:firebase-common:20.1.0] AndroidManifest.xml:35:13-43
83            android:exported="false" >
83-->[com.google.firebase:firebase-database-ktx:20.0.4] AndroidManifest.xml:14:13-37
84            <meta-data
84-->[com.google.firebase:firebase-database-ktx:20.0.4] AndroidManifest.xml:15:13-17:85
85                android:name="com.google.firebase.components:com.google.firebase.database.ktx.FirebaseDatabaseKtxRegistrar"
85-->[com.google.firebase:firebase-database-ktx:20.0.4] AndroidManifest.xml:16:17-124
86                android:value="com.google.firebase.components.ComponentRegistrar" />
86-->[com.google.firebase:firebase-database-ktx:20.0.4] AndroidManifest.xml:17:17-82
87            <meta-data
87-->[com.google.firebase:firebase-database:20.0.4] AndroidManifest.xml:32:13-34:85
88                android:name="com.google.firebase.components:com.google.firebase.database.DatabaseRegistrar"
88-->[com.google.firebase:firebase-database:20.0.4] AndroidManifest.xml:33:17-109
89                android:value="com.google.firebase.components.ComponentRegistrar" />
89-->[com.google.firebase:firebase-database:20.0.4] AndroidManifest.xml:34:17-82
90            <meta-data
90-->[com.google.firebase:firebase-common-ktx:20.1.0] AndroidManifest.xml:15:13-17:85
91                android:name="com.google.firebase.components:com.google.firebase.ktx.FirebaseCommonKtxRegistrar"
91-->[com.google.firebase:firebase-common-ktx:20.1.0] AndroidManifest.xml:16:17-113
92                android:value="com.google.firebase.components.ComponentRegistrar" />
92-->[com.google.firebase:firebase-common-ktx:20.1.0] AndroidManifest.xml:17:17-82
93        </service>
94
95        <provider
95-->[com.google.firebase:firebase-common:20.1.0] AndroidManifest.xml:26:9-31:39
96            android:name="com.google.firebase.provider.FirebaseInitProvider"
96-->[com.google.firebase:firebase-common:20.1.0] AndroidManifest.xml:27:13-77
97            android:authorities="com.example.danp.firebaseinitprovider"
97-->[com.google.firebase:firebase-common:20.1.0] AndroidManifest.xml:28:13-72
98            android:directBootAware="true"
98-->[com.google.firebase:firebase-common:20.1.0] AndroidManifest.xml:29:13-43
99            android:exported="false"
99-->[com.google.firebase:firebase-common:20.1.0] AndroidManifest.xml:30:13-37
100            android:initOrder="100" />
100-->[com.google.firebase:firebase-common:20.1.0] AndroidManifest.xml:31:13-36
101
102        <activity
102-->[com.google.android.gms:play-services-base:18.0.1] AndroidManifest.xml:20:9-22:45
103            android:name="com.google.android.gms.common.api.GoogleApiActivity"
103-->[com.google.android.gms:play-services-base:18.0.1] AndroidManifest.xml:20:19-85
104            android:exported="false"
104-->[com.google.android.gms:play-services-base:18.0.1] AndroidManifest.xml:22:19-43
105            android:theme="@android:style/Theme.Translucent.NoTitleBar" />
105-->[com.google.android.gms:play-services-base:18.0.1] AndroidManifest.xml:21:19-78
106
107        <meta-data
107-->[com.google.android.gms:play-services-basement:18.0.0] AndroidManifest.xml:21:9-23:69
108            android:name="com.google.android.gms.version"
108-->[com.google.android.gms:play-services-basement:18.0.0] AndroidManifest.xml:22:13-58
109            android:value="@integer/google_play_services_version" />
109-->[com.google.android.gms:play-services-basement:18.0.0] AndroidManifest.xml:23:13-66
110
111        <provider
111-->[androidx.emoji2:emoji2:1.0.0] AndroidManifest.xml:26:9-34:20
112            android:name="androidx.startup.InitializationProvider"
112-->[androidx.emoji2:emoji2:1.0.0] AndroidManifest.xml:27:13-67
113            android:authorities="com.example.danp.androidx-startup"
113-->[androidx.emoji2:emoji2:1.0.0] AndroidManifest.xml:28:13-68
114            android:exported="false" >
114-->[androidx.emoji2:emoji2:1.0.0] AndroidManifest.xml:29:13-37
115            <meta-data
115-->[androidx.emoji2:emoji2:1.0.0] AndroidManifest.xml:31:13-33:52
116                android:name="androidx.emoji2.text.EmojiCompatInitializer"
116-->[androidx.emoji2:emoji2:1.0.0] AndroidManifest.xml:32:17-75
117                android:value="androidx.startup" />
117-->[androidx.emoji2:emoji2:1.0.0] AndroidManifest.xml:33:17-49
118            <meta-data
118-->[androidx.profileinstaller:profileinstaller:1.0.1] AndroidManifest.xml:31:13-33:52
119                android:name="androidx.profileinstaller.ProfileInstallerInitializer"
119-->[androidx.profileinstaller:profileinstaller:1.0.1] AndroidManifest.xml:32:17-85
120                android:value="androidx.startup" />
120-->[androidx.profileinstaller:profileinstaller:1.0.1] AndroidManifest.xml:33:17-49
121            <meta-data
121-->[androidx.lifecycle:lifecycle-process:2.4.0] AndroidManifest.xml:31:13-33:52
122                android:name="androidx.lifecycle.ProcessLifecycleInitializer"
122-->[androidx.lifecycle:lifecycle-process:2.4.0] AndroidManifest.xml:32:17-78
123                android:value="androidx.startup" />
123-->[androidx.lifecycle:lifecycle-process:2.4.0] AndroidManifest.xml:33:17-49
124        </provider>
125
126        <receiver
126-->[androidx.profileinstaller:profileinstaller:1.0.1] AndroidManifest.xml:36:9-45:20
127            android:name="androidx.profileinstaller.ProfileInstallReceiver"
127-->[androidx.profileinstaller:profileinstaller:1.0.1] AndroidManifest.xml:37:13-76
128            android:directBootAware="false"
128-->[androidx.profileinstaller:profileinstaller:1.0.1] AndroidManifest.xml:38:13-44
129            android:enabled="true"
129-->[androidx.profileinstaller:profileinstaller:1.0.1] AndroidManifest.xml:39:13-35
130            android:exported="true"
130-->[androidx.profileinstaller:profileinstaller:1.0.1] AndroidManifest.xml:40:13-36
131            android:permission="android.permission.DUMP" >
131-->[androidx.profileinstaller:profileinstaller:1.0.1] AndroidManifest.xml:41:13-57
132            <intent-filter>
132-->[androidx.profileinstaller:profileinstaller:1.0.1] AndroidManifest.xml:42:13-44:29
133                <action android:name="androidx.profileinstaller.action.INSTALL_PROFILE" />
133-->[androidx.profileinstaller:profileinstaller:1.0.1] AndroidManifest.xml:43:17-91
133-->[androidx.profileinstaller:profileinstaller:1.0.1] AndroidManifest.xml:43:25-88
134            </intent-filter>
135        </receiver>
136    </application>
137
138</manifest>